\BOOKMARK [0][-]{ChapterRoman.1}{\376\377\000C\000A\000P\000\315\000T\000U\000L\000O\000\040\000I}{}% 1
\BOOKMARK [0][-]{chapter.1}{\376\377\000I\000N\000T\000R\000O\000D\000U\000C\000C\000I\000\323\000N}{}% 2
\BOOKMARK [1][-]{section.1.1}{\376\377\000I\000n\000t\000r\000o\000d\000u\000c\000c\000i\000\363\000n}{chapter.1}% 3
\BOOKMARK [1][-]{section.1.2}{\376\377\000P\000l\000a\000n\000t\000e\000a\000m\000i\000e\000n\000t\000o\000\040\000d\000e\000l\000\040\000p\000r\000o\000b\000l\000e\000m\000a}{chapter.1}% 4
\BOOKMARK [2][-]{subsection.1.2.1}{\376\377\000D\000e\000s\000c\000r\000i\000p\000c\000i\000\363\000n\000\040\000d\000e\000\040\000l\000a\000\040\000p\000r\000o\000b\000l\000e\000m\000\341\000t\000i\000c\000a}{section.1.2}% 5
\BOOKMARK [2][-]{subsection.1.2.2}{\376\377\000F\000o\000r\000m\000u\000l\000a\000c\000i\000\363\000n\000\040\000d\000e\000l\000\040\000p\000r\000o\000b\000l\000e\000m\000a}{section.1.2}% 6
\BOOKMARK [1][-]{section.1.3}{\376\377\000O\000b\000j\000e\000t\000i\000v\000o\000s\000\040\000d\000e\000\040\000l\000a\000\040\000i\000n\000v\000e\000s\000t\000i\000g\000a\000c\000i\000\363\000n}{chapter.1}% 7
\BOOKMARK [2][-]{subsection.1.3.1}{\376\377\000O\000b\000j\000e\000t\000i\000v\000o\000\040\000G\000e\000n\000e\000r\000a\000l}{section.1.3}% 8
\BOOKMARK [2][-]{subsection.1.3.2}{\376\377\000O\000b\000j\000e\000t\000i\000v\000o\000s\000\040\000E\000s\000p\000e\000c\000\355\000f\000i\000c\000o\000s}{section.1.3}% 9
\BOOKMARK [1][-]{section.1.4}{\376\377\000I\000m\000p\000o\000r\000t\000a\000n\000c\000i\000a\000\040\000y\000\040\000a\000l\000c\000a\000n\000c\000e\000\040\000d\000e\000\040\000l\000a\000\040\000i\000n\000v\000e\000s\000t\000i\000g\000a\000c\000i\000\363\000n}{chapter.1}% 10
\BOOKMARK [1][-]{section.1.5}{\376\377\000L\000i\000m\000i\000t\000a\000c\000i\000o\000n\000e\000s\000\040\000d\000e\000\040\000l\000a\000\040\000i\000n\000v\000e\000s\000t\000i\000g\000a\000c\000i\000\363\000n}{chapter.1}% 11
\BOOKMARK [0][-]{ChapterRoman.2}{\376\377\000C\000A\000P\000\315\000T\000U\000L\000O\000\040\000I\000I}{}% 12
\BOOKMARK [0][-]{chapter.2}{\376\377\000M\000A\000R\000C\000O\000\040\000T\000E\000\323\000R\000I\000C\000O}{}% 13
\BOOKMARK [1][-]{section.2.1}{\376\377\000A\000n\000t\000e\000c\000e\000d\000e\000n\000t\000e\000s\000\040\000d\000e\000\040\000l\000a\000\040\000i\000n\000v\000e\000s\000t\000i\000g\000a\000c\000i\000\363\000n}{chapter.2}% 14
\BOOKMARK [1][-]{section.2.2}{\376\377\000B\000a\000s\000e\000s\000\040\000t\000e\000\363\000r\000i\000c\000a\000s}{chapter.2}% 15
\BOOKMARK [2][-]{subsection.2.2.1}{\376\377\000L\000a\000n\000d\000s\000a\000t\000:\000\040\000S\000a\000t\000\351\000l\000i\000t\000e\000s\000\040\000d\000e\000\040\000O\000b\000s\000e\000r\000v\000a\000c\000i\000\363\000n\000\040\000T\000e\000r\000r\000e\000s\000t\000r\000e}{section.2.2}% 16
\BOOKMARK [2][-]{subsection.2.2.2}{\376\377\000A\000r\000m\000o\000n\000i\000z\000a\000c\000i\000\363\000n\000\040\000d\000e\000\040\000i\000m\000\341\000g\000e\000n\000e\000s\000\040\000e\000n\000\040\000t\000e\000l\000e\000d\000e\000t\000e\000c\000c\000i\000\363\000n}{section.2.2}% 17
\BOOKMARK [2][-]{subsection.2.2.3}{\376\377\000A\000r\000m\000o\000n\000i\000z\000a\000c\000i\000\363\000n\000\040\000G\000e\000o\000m\000\351\000t\000r\000i\000c\000a\000\040\000d\000e\000\040\000D\000a\000t\000o\000s\000\040\000d\000e\000\040\000T\000e\000l\000e\000d\000e\000t\000e\000c\000c\000i\000\363\000n}{section.2.2}% 18
\BOOKMARK [2][-]{subsection.2.2.4}{\376\377\000A\000r\000m\000o\000n\000i\000z\000a\000c\000i\000\363\000n\000\040\000E\000s\000p\000e\000c\000t\000r\000a\000l\000\040\000d\000e\000\040\000D\000a\000t\000o\000s\000\040\000d\000e\000\040\000T\000e\000l\000e\000d\000e\000t\000e\000c\000c\000i\000\363\000n}{section.2.2}% 19
\BOOKMARK [2][-]{subsection.2.2.5}{\376\377\000D\000e\000e\000p\000\040\000L\000e\000a\000r\000n\000i\000n\000g\000\040\000e\000n\000\040\000e\000l\000\040\000P\000r\000o\000c\000e\000s\000a\000m\000i\000e\000n\000t\000o\000\040\000d\000e\000\040\000I\000m\000\341\000g\000e\000n\000e\000s\000\040\000d\000e\000\040\000T\000e\000l\000e\000d\000e\000t\000e\000c\000c\000i\000\363\000n}{section.2.2}% 20
\BOOKMARK [2][-]{subsection.2.2.6}{\376\377\000R\000e\000d\000e\000s\000\040\000N\000e\000u\000r\000o\000n\000a\000l\000e\000s\000\040\000C\000o\000n\000v\000o\000l\000u\000c\000i\000o\000n\000a\000l\000e\000s\000\040\000\050\000C\000N\000N\000\051}{section.2.2}% 21
\BOOKMARK [2][-]{subsection.2.2.7}{\376\377\000T\000i\000p\000o\000s\000\040\000d\000e\000\040\000c\000a\000p\000a\000s\000\040\000e\000n\000\040\000u\000n\000a\000\040\000R\000e\000d\000\040\000N\000e\000u\000r\000o\000n\000a\000l\000\040\000C\000o\000n\000v\000o\000l\000u\000c\000i\000o\000n\000a\000l}{section.2.2}% 22
\BOOKMARK [1][-]{section.2.3}{\376\377\000D\000e\000f\000i\000n\000i\000c\000i\000\363\000n\000\040\000d\000e\000\040\000t\000\351\000r\000m\000i\000n\000o\000s}{chapter.2}% 23
\BOOKMARK [2][-]{subsection.2.3.1}{\376\377\000A\000p\000r\000e\000n\000d\000i\000z\000a\000j\000e\000\040\000p\000r\000o\000f\000u\000n\000d\000o\000\040\000\050\000D\000e\000e\000p\000\040\000L\000e\000a\000r\000n\000i\000n\000g\000\051}{section.2.3}% 24
\BOOKMARK [2][-]{subsection.2.3.2}{\376\377\000A\000r\000m\000o\000n\000i\000z\000a\000c\000i\000\363\000n\000\040\000d\000e\000\040\000d\000a\000t\000o\000s}{section.2.3}% 25
\BOOKMARK [2][-]{subsection.2.3.3}{\376\377\000I\000m\000\341\000g\000e\000n\000e\000s\000\040\000L\000a\000n\000d\000s\000a\000t\000\040\000M\000S\000S\000\040\000\050\000M\000u\000l\000t\000i\000-\000S\000p\000e\000c\000t\000r\000a\000l\000\040\000S\000c\000a\000n\000n\000e\000r\000\051}{section.2.3}% 26
\BOOKMARK [2][-]{subsection.2.3.4}{\376\377\000C\000u\000b\000o\000\040\000d\000e\000\040\000d\000a\000t\000o\000s}{section.2.3}% 27
\BOOKMARK [2][-]{subsection.2.3.5}{\376\377\000H\000i\000s\000t\000o\000g\000r\000a\000m\000\040\000M\000a\000t\000c\000h\000i\000n\000g}{section.2.3}% 28
\BOOKMARK [2][-]{subsection.2.3.6}{\376\377\000T\000r\000a\000n\000s\000f\000o\000r\000m\000a\000d\000a\000s\000\040\000d\000e\000\040\000F\000o\000u\000r\000i\000e\000r}{section.2.3}% 29
\BOOKMARK [2][-]{subsection.2.3.7}{\376\377\000M\000o\000d\000e\000l\000o\000\040\000d\000e\000\040\000s\000u\000p\000e\000r\000\040\000r\000e\000s\000o\000l\000u\000c\000i\000\363\000n}{section.2.3}% 30
\BOOKMARK [2][-]{subsection.2.3.8}{\376\377\000G\000e\000n\000e\000r\000a\000c\000i\000\363\000n\000\040\000d\000e\000\040\000b\000a\000n\000d\000a\000\040\000v\000i\000r\000t\000u\000a\000l}{section.2.3}% 31
\BOOKMARK [0][-]{ChapterRoman.3}{\376\377\000C\000A\000P\000\315\000T\000U\000L\000O\000\040\000I\000I\000I}{}% 32
\BOOKMARK [0][-]{chapter.3}{\376\377\000H\000I\000P\000\323\000T\000E\000S\000I\000S\000\040\000Y\000\040\000V\000A\000R\000I\000A\000B\000L\000E\000S}{}% 33
\BOOKMARK [1][-]{section.3.1}{\376\377\000L\000a\000s\000\040\000h\000i\000p\000\363\000t\000e\000s\000i\000s}{chapter.3}% 34
\BOOKMARK [2][-]{subsection.3.1.1}{\376\377\000H\000i\000p\000\363\000t\000e\000s\000i\000s\000\040\000g\000e\000n\000e\000r\000a\000l}{section.3.1}% 35
\BOOKMARK [2][-]{subsection.3.1.2}{\376\377\000H\000i\000p\000\363\000t\000e\000s\000i\000s\000\040\000e\000s\000p\000e\000c\000\355\000f\000i\000c\000a\000s}{section.3.1}% 36
\BOOKMARK [1][-]{section.3.2}{\376\377\000V\000a\000r\000i\000a\000b\000l\000e\000s}{chapter.3}% 37
\BOOKMARK [2][-]{subsection.3.2.1}{\376\377\000V\000a\000r\000i\000a\000b\000l\000e\000\040\000i\000n\000d\000e\000p\000e\000n\000d\000i\000e\000n\000t\000e}{section.3.2}% 38
\BOOKMARK [2][-]{subsection.3.2.2}{\376\377\000V\000a\000r\000i\000a\000b\000l\000e\000\040\000D\000e\000p\000e\000n\000d\000i\000e\000n\000t\000e}{section.3.2}% 39
\BOOKMARK [1][-]{section.3.3}{\376\377\000O\000p\000e\000r\000a\000c\000i\000o\000n\000a\000l\000i\000z\000a\000c\000i\000\363\000n\000\040\000d\000e\000\040\000v\000a\000r\000i\000a\000b\000l\000e\000s}{chapter.3}% 40
\BOOKMARK [0][-]{ChapterRoman.4}{\376\377\000C\000A\000P\000\315\000T\000U\000L\000O\000\040\000I\000V}{}% 41
\BOOKMARK [0][-]{chapter.4}{\376\377\000M\000E\000T\000O\000D\000O\000L\000O\000G\000\315\000A}{}% 42
\BOOKMARK [1][-]{section.4.1}{\376\377\000\301\000r\000e\000a\000\040\000d\000e\000\040\000e\000s\000t\000u\000d\000i\000o}{chapter.4}% 43
\BOOKMARK [1][-]{section.4.2}{\376\377\000D\000i\000s\000e\000\361\000o\000\040\000d\000e\000\040\000i\000n\000v\000e\000s\000t\000i\000g\000a\000c\000i\000\363\000n}{chapter.4}% 44
\BOOKMARK [2][-]{subsection.4.2.1}{\376\377\000T\000i\000p\000o\000\040\000d\000e\000\040\000i\000n\000v\000e\000s\000t\000i\000g\000a\000c\000i\000\363\000n}{section.4.2}% 45
\BOOKMARK [2][-]{subsection.4.2.2}{\376\377\000N\000i\000v\000e\000l\000\040\000d\000e\000\040\000i\000n\000v\000e\000s\000t\000i\000g\000a\000c\000i\000\363\000n}{section.4.2}% 46
\BOOKMARK [2][-]{subsection.4.2.3}{\376\377\000E\000n\000f\000o\000q\000u\000e}{section.4.2}% 47
\BOOKMARK [1][-]{section.4.3}{\376\377\000P\000o\000b\000l\000a\000c\000i\000\363\000n\000\040\000y\000\040\000m\000u\000e\000s\000t\000r\000a}{chapter.4}% 48
\BOOKMARK [2][-]{subsection.4.3.1}{\376\377\000P\000o\000b\000l\000a\000c\000i\000\363\000n}{section.4.3}% 49
\BOOKMARK [2][-]{subsection.4.3.2}{\376\377\000M\000u\000e\000s\000t\000r\000a}{section.4.3}% 50
\BOOKMARK [1][-]{section.4.4}{\376\377\000P\000r\000o\000c\000e\000d\000i\000m\000i\000e\000n\000t\000o\000,\000\040\000t\000\351\000c\000n\000i\000c\000a\000s\000\040\000e\000\040\000i\000n\000s\000t\000r\000u\000m\000e\000n\000t\000o\000s\000\040\000d\000e\000\040\000r\000e\000c\000o\000l\000e\000c\000c\000i\000\363\000n\000\040\000d\000e\000\040\000i\000n\000f\000o\000r\000m\000a\000c\000i\000\363\000n}{chapter.4}% 51
\BOOKMARK [2][-]{subsection.4.4.1}{\376\377\000O\000b\000t\000e\000n\000c\000i\000\363\000n\000\040\000d\000e\000\040\000D\000a\000t\000o\000s\000\040\000d\000e\000\040\000E\000n\000t\000r\000a\000d\000a}{section.4.4}% 52
\BOOKMARK [2][-]{subsection.4.4.2}{\376\377\000C\000o\000r\000r\000e\000c\000c\000i\000\363\000n\000\040\000G\000e\000o\000m\000\351\000t\000r\000i\000c\000a\000\040\000d\000e\000\040\000l\000a\000s\000\040\000I\000m\000\341\000g\000e\000n\000e\000s\000\040\000M\000S\000S}{section.4.4}% 53
\BOOKMARK [2][-]{subsection.4.4.3}{\376\377\000D\000e\000s\000a\000r\000r\000o\000l\000l\000o\000\040\000d\000e\000l\000\040\000M\000o\000d\000e\000l\000o\000\040\000M\000S\000S\0002\000T\000M\000\040\000p\000a\000r\000a\000\040\000A\000l\000i\000n\000e\000a\000c\000i\000\363\000n\000\040\000E\000s\000p\000a\000c\000i\000a\000l\000\040\000y\000\040\000E\000s\000p\000e\000c\000t\000r\000a\000l}{section.4.4}% 54
\BOOKMARK [2][-]{subsection.4.4.4}{\376\377\000G\000e\000n\000e\000r\000a\000c\000i\000\363\000n\000\040\000d\000e\000\040\000B\000a\000n\000d\000a\000s\000\040\000V\000i\000r\000t\000u\000a\000l\000e\000s\000\040\000e\000n\000\040\000I\000m\000\341\000g\000e\000n\000e\000s\000\040\000M\000S\000S}{section.4.4}% 55
\BOOKMARK [1][-]{section.4.5}{\376\377\000A\000n\000\341\000l\000i\000s\000i\000s\000\040\000e\000s\000t\000a\000d\000\355\000s\000t\000i\000c\000o}{chapter.4}% 56
\BOOKMARK [0][-]{ChapterRoman.5}{\376\377\000C\000A\000P\000\315\000T\000U\000L\000O\000\040\000V}{}% 57
\BOOKMARK [0][-]{chapter.5}{\376\377\000P\000r\000e\000s\000u\000p\000u\000e\000s\000t\000o}{}% 58
\BOOKMARK [0][-]{ChapterRoman.6}{\376\377\000C\000A\000P\000\315\000T\000U\000L\000O\000\040\000V\000I}{}% 59
\BOOKMARK [0][-]{chapter.6}{\376\377\000C\000R\000O\000N\000O\000G\000R\000A\000M\000A\000\040\000D\000E\000\040\000A\000C\000T\000I\000V\000I\000D\000A\000D\000E\000S}{}% 60
\BOOKMARK [0][-]{section*.21}{\376\377\000B\000i\000b\000l\000i\000o\000g\000r\000a\000f\000\355\000a}{}% 61
\BOOKMARK [0][-]{chapter*.22}{\376\377\000R\000e\000f\000e\000r\000e\000n\000c\000i\000a\000s\000\040\000B\000i\000b\000l\000i\000o\000g\000r\000\341\000f\000i\000c\000a\000s}{}% 62
\BOOKMARK [0][-]{section*.23}{\376\377\000A\000N\000E\000X\000O\000S}{}% 63
\BOOKMARK [1][-]{section*.25}{\376\377\000A\000N\000E\000X\000O\000\040\000A\000:\000\040\000C\000\323\000D\000I\000G\000O\000S\000\040\000E\000N\000\040\000P\000Y\000T\000H\000O\000N\000\040\000P\000A\000R\000A\000\040\000L\000A\000\040\000C\000O\000R\000R\000E\000C\000C\000I\000\323\000N\000\040\000G\000E\000O\000M\000\311\000T\000R\000I\000C\000A}{section*.23}% 64
